Determining if the pthread_create exist failed with the following output:
Change Dir: /home/kforysze/ANRO/LAB3/build/CMakeFiles/CMakeTmp

Run Build Command:"/usr/bin/make" "cmTC_9baca/fast"
/usr/bin/make -f CMakeFiles/cmTC_9baca.dir/build.make CMakeFiles/cmTC_9baca.dir/build
make[1]: Wejście do katalogu '/home/kforysze/ANRO/LAB3/build/CMakeFiles/CMakeTmp'
Building C object CMakeFiles/cmTC_9baca.dir/CheckSymbolExists.c.o
/usr/bin/cc     -o CMakeFiles/cmTC_9baca.dir/CheckSymbolExists.c.o   -c /home/kforysze/ANRO/LAB3/build/CMakeFiles/CMakeTmp/CheckSymbolExists.c
Linking C executable cmTC_9baca
/usr/bin/cmake -E cmake_link_script CMakeFiles/cmTC_9baca.dir/link.txt --verbose=1
/usr/bin/cc       CMakeFiles/cmTC_9baca.dir/CheckSymbolExists.c.o  -o cmTC_9baca -rdynamic 
CMakeFiles/cmTC_9baca.dir/CheckSymbolExists.c.o: In function `main':
CheckSymbolExists.c:(.text+0x16): undefined reference to `pthread_create'
collect2: error: ld returned 1 exit status
CMakeFiles/cmTC_9baca.dir/build.make:97: polecenia dla obiektu 'cmTC_9baca' nie powiodły się
make[1]: *** [cmTC_9baca] Błąd 1
make[1]: Opuszczenie katalogu '/home/kforysze/ANRO/LAB3/build/CMakeFiles/CMakeTmp'
Makefile:126: polecenia dla obiektu 'cmTC_9baca/fast' nie powiodły się
make: *** [cmTC_9baca/fast] Błąd 2

File /home/kforysze/ANRO/LAB3/build/CMakeFiles/CMakeTmp/CheckSymbolExists.c:
/* */
#include <pthread.h>

int main(int argc, char** argv)
{
  (void)argv;
#ifndef pthread_create
  return ((int*)(&pthread_create))[argc];
#else
  (void)argc;
  return 0;
#endif
}

Determining if the function pthread_create exists in the pthreads failed with the following output:
Change Dir: /home/kforysze/ANRO/LAB3/build/CMakeFiles/CMakeTmp

Run Build Command:"/usr/bin/make" "cmTC_f0c59/fast"
/usr/bin/make -f CMakeFiles/cmTC_f0c59.dir/build.make CMakeFiles/cmTC_f0c59.dir/build
make[1]: Wejście do katalogu '/home/kforysze/ANRO/LAB3/build/CMakeFiles/CMakeTmp'
Building C object CMakeFiles/cmTC_f0c59.dir/CheckFunctionExists.c.o
/usr/bin/cc    -DCHECK_FUNCTION_EXISTS=pthread_create   -o CMakeFiles/cmTC_f0c59.dir/CheckFunctionExists.c.o   -c /usr/share/cmake-3.5/Modules/CheckFunctionExists.c
Linking C executable cmTC_f0c59
/usr/bin/cmake -E cmake_link_script CMakeFiles/cmTC_f0c59.dir/link.txt --verbose=1
/usr/bin/cc   -DCHECK_FUNCTION_EXISTS=pthread_create    CMakeFiles/cmTC_f0c59.dir/CheckFunctionExists.c.o  -o cmTC_f0c59 -rdynamic -lpthreads 
/usr/bin/ld: cannot find -lpthreads
collect2: error: ld returned 1 exit status
CMakeFiles/cmTC_f0c59.dir/build.make:97: polecenia dla obiektu 'cmTC_f0c59' nie powiodły się
make[1]: *** [cmTC_f0c59] Błąd 1
make[1]: Opuszczenie katalogu '/home/kforysze/ANRO/LAB3/build/CMakeFiles/CMakeTmp'
Makefile:126: polecenia dla obiektu 'cmTC_f0c59/fast' nie powiodły się
make: *** [cmTC_f0c59/fast] Błąd 2


