Determining if the pthread_create exist failed with the following output:
Change Dir: /home/kforysze/ANRO/build/CMakeFiles/CMakeTmp

Run Build Command:"/usr/bin/make" "cmTC_1ee3a/fast"
/usr/bin/make -f CMakeFiles/cmTC_1ee3a.dir/build.make CMakeFiles/cmTC_1ee3a.dir/build
make[1]: Wejście do katalogu '/home/kforysze/ANRO/build/CMakeFiles/CMakeTmp'
Building C object CMakeFiles/cmTC_1ee3a.dir/CheckSymbolExists.c.o
/usr/bin/cc     -o CMakeFiles/cmTC_1ee3a.dir/CheckSymbolExists.c.o   -c /home/kforysze/ANRO/build/CMakeFiles/CMakeTmp/CheckSymbolExists.c
Linking C executable cmTC_1ee3a
/usr/bin/cmake -E cmake_link_script CMakeFiles/cmTC_1ee3a.dir/link.txt --verbose=1
/usr/bin/cc       CMakeFiles/cmTC_1ee3a.dir/CheckSymbolExists.c.o  -o cmTC_1ee3a -rdynamic 
CMakeFiles/cmTC_1ee3a.dir/CheckSymbolExists.c.o: In function `main':
CheckSymbolExists.c:(.text+0x16): undefined reference to `pthread_create'
collect2: error: ld returned 1 exit status
CMakeFiles/cmTC_1ee3a.dir/build.make:97: polecenia dla obiektu 'cmTC_1ee3a' nie powiodły się
make[1]: *** [cmTC_1ee3a] Błąd 1
make[1]: Opuszczenie katalogu '/home/kforysze/ANRO/build/CMakeFiles/CMakeTmp'
Makefile:126: polecenia dla obiektu 'cmTC_1ee3a/fast' nie powiodły się
make: *** [cmTC_1ee3a/fast] Błąd 2

File /home/kforysze/ANRO/build/CMakeFiles/CMakeTmp/CheckSymbolExists.c:
/* */
#include <pthread.h>

int main(int argc, char** argv)
{
  (void)argv;
#ifndef pthread_create
  return ((int*)(&pthread_create))[argc];
#else
  (void)argc;
  return 0;
#endif
}

Determining if the function pthread_create exists in the pthreads failed with the following output:
Change Dir: /home/kforysze/ANRO/build/CMakeFiles/CMakeTmp

Run Build Command:"/usr/bin/make" "cmTC_1fe33/fast"
/usr/bin/make -f CMakeFiles/cmTC_1fe33.dir/build.make CMakeFiles/cmTC_1fe33.dir/build
make[1]: Wejście do katalogu '/home/kforysze/ANRO/build/CMakeFiles/CMakeTmp'
Building C object CMakeFiles/cmTC_1fe33.dir/CheckFunctionExists.c.o
/usr/bin/cc    -DCHECK_FUNCTION_EXISTS=pthread_create   -o CMakeFiles/cmTC_1fe33.dir/CheckFunctionExists.c.o   -c /usr/share/cmake-3.5/Modules/CheckFunctionExists.c
Linking C executable cmTC_1fe33
/usr/bin/cmake -E cmake_link_script CMakeFiles/cmTC_1fe33.dir/link.txt --verbose=1
/usr/bin/cc   -DCHECK_FUNCTION_EXISTS=pthread_create    CMakeFiles/cmTC_1fe33.dir/CheckFunctionExists.c.o  -o cmTC_1fe33 -rdynamic -lpthreads 
/usr/bin/ld: cannot find -lpthreads
collect2: error: ld returned 1 exit status
CMakeFiles/cmTC_1fe33.dir/build.make:97: polecenia dla obiektu 'cmTC_1fe33' nie powiodły się
make[1]: *** [cmTC_1fe33] Błąd 1
make[1]: Opuszczenie katalogu '/home/kforysze/ANRO/build/CMakeFiles/CMakeTmp'
Makefile:126: polecenia dla obiektu 'cmTC_1fe33/fast' nie powiodły się
make: *** [cmTC_1fe33/fast] Błąd 2


