Determining if the pthread_create exist failed with the following output:
Change Dir: /home/kforysze/ANRO/LAB4/build/CMakeFiles/CMakeTmp

Run Build Command:"/usr/bin/make" "cmTC_fb3bd/fast"
/usr/bin/make -f CMakeFiles/cmTC_fb3bd.dir/build.make CMakeFiles/cmTC_fb3bd.dir/build
make[1]: Wejście do katalogu '/home/kforysze/ANRO/LAB4/build/CMakeFiles/CMakeTmp'
Building C object CMakeFiles/cmTC_fb3bd.dir/CheckSymbolExists.c.o
/usr/bin/cc     -o CMakeFiles/cmTC_fb3bd.dir/CheckSymbolExists.c.o   -c /home/kforysze/ANRO/LAB4/build/CMakeFiles/CMakeTmp/CheckSymbolExists.c
Linking C executable cmTC_fb3bd
/usr/bin/cmake -E cmake_link_script CMakeFiles/cmTC_fb3bd.dir/link.txt --verbose=1
/usr/bin/cc       CMakeFiles/cmTC_fb3bd.dir/CheckSymbolExists.c.o  -o cmTC_fb3bd -rdynamic 
CMakeFiles/cmTC_fb3bd.dir/CheckSymbolExists.c.o: In function `main':
CheckSymbolExists.c:(.text+0x16): undefined reference to `pthread_create'
collect2: error: ld returned 1 exit status
CMakeFiles/cmTC_fb3bd.dir/build.make:97: polecenia dla obiektu 'cmTC_fb3bd' nie powiodły się
make[1]: *** [cmTC_fb3bd] Błąd 1
make[1]: Opuszczenie katalogu '/home/kforysze/ANRO/LAB4/build/CMakeFiles/CMakeTmp'
Makefile:126: polecenia dla obiektu 'cmTC_fb3bd/fast' nie powiodły się
make: *** [cmTC_fb3bd/fast] Błąd 2

File /home/kforysze/ANRO/LAB4/build/CMakeFiles/CMakeTmp/CheckSymbolExists.c:
/* */
#include <pthread.h>

int main(int argc, char** argv)
{
  (void)argv;
#ifndef pthread_create
  return ((int*)(&pthread_create))[argc];
#else
  (void)argc;
  return 0;
#endif
}

Determining if the function pthread_create exists in the pthreads failed with the following output:
Change Dir: /home/kforysze/ANRO/LAB4/build/CMakeFiles/CMakeTmp

Run Build Command:"/usr/bin/make" "cmTC_eede9/fast"
/usr/bin/make -f CMakeFiles/cmTC_eede9.dir/build.make CMakeFiles/cmTC_eede9.dir/build
make[1]: Wejście do katalogu '/home/kforysze/ANRO/LAB4/build/CMakeFiles/CMakeTmp'
Building C object CMakeFiles/cmTC_eede9.dir/CheckFunctionExists.c.o
/usr/bin/cc    -DCHECK_FUNCTION_EXISTS=pthread_create   -o CMakeFiles/cmTC_eede9.dir/CheckFunctionExists.c.o   -c /usr/share/cmake-3.5/Modules/CheckFunctionExists.c
Linking C executable cmTC_eede9
/usr/bin/cmake -E cmake_link_script CMakeFiles/cmTC_eede9.dir/link.txt --verbose=1
/usr/bin/cc   -DCHECK_FUNCTION_EXISTS=pthread_create    CMakeFiles/cmTC_eede9.dir/CheckFunctionExists.c.o  -o cmTC_eede9 -rdynamic -lpthreads 
/usr/bin/ld: cannot find -lpthreads
collect2: error: ld returned 1 exit status
CMakeFiles/cmTC_eede9.dir/build.make:97: polecenia dla obiektu 'cmTC_eede9' nie powiodły się
make[1]: *** [cmTC_eede9] Błąd 1
make[1]: Opuszczenie katalogu '/home/kforysze/ANRO/LAB4/build/CMakeFiles/CMakeTmp'
Makefile:126: polecenia dla obiektu 'cmTC_eede9/fast' nie powiodły się
make: *** [cmTC_eede9/fast] Błąd 2


