Determining if the pthread_create exist failed with the following output:
Change Dir: /home/kforysze/ANRO/LAB2/build/CMakeFiles/CMakeTmp

Run Build Command:"/usr/bin/make" "cmTC_03cdf/fast"
/usr/bin/make -f CMakeFiles/cmTC_03cdf.dir/build.make CMakeFiles/cmTC_03cdf.dir/build
make[1]: Wejście do katalogu '/home/kforysze/ANRO/LAB2/build/CMakeFiles/CMakeTmp'
Building C object CMakeFiles/cmTC_03cdf.dir/CheckSymbolExists.c.o
/usr/bin/cc     -o CMakeFiles/cmTC_03cdf.dir/CheckSymbolExists.c.o   -c /home/kforysze/ANRO/LAB2/build/CMakeFiles/CMakeTmp/CheckSymbolExists.c
Linking C executable cmTC_03cdf
/usr/bin/cmake -E cmake_link_script CMakeFiles/cmTC_03cdf.dir/link.txt --verbose=1
/usr/bin/cc       CMakeFiles/cmTC_03cdf.dir/CheckSymbolExists.c.o  -o cmTC_03cdf -rdynamic 
CMakeFiles/cmTC_03cdf.dir/CheckSymbolExists.c.o: In function `main':
CheckSymbolExists.c:(.text+0x16): undefined reference to `pthread_create'
collect2: error: ld returned 1 exit status
CMakeFiles/cmTC_03cdf.dir/build.make:97: polecenia dla obiektu 'cmTC_03cdf' nie powiodły się
make[1]: *** [cmTC_03cdf] Błąd 1
make[1]: Opuszczenie katalogu '/home/kforysze/ANRO/LAB2/build/CMakeFiles/CMakeTmp'
Makefile:126: polecenia dla obiektu 'cmTC_03cdf/fast' nie powiodły się
make: *** [cmTC_03cdf/fast] Błąd 2

File /home/kforysze/ANRO/LAB2/build/CMakeFiles/CMakeTmp/CheckSymbolExists.c:
/* */
#include <pthread.h>

int main(int argc, char** argv)
{
  (void)argv;
#ifndef pthread_create
  return ((int*)(&pthread_create))[argc];
#else
  (void)argc;
  return 0;
#endif
}

Determining if the function pthread_create exists in the pthreads failed with the following output:
Change Dir: /home/kforysze/ANRO/LAB2/build/CMakeFiles/CMakeTmp

Run Build Command:"/usr/bin/make" "cmTC_92607/fast"
/usr/bin/make -f CMakeFiles/cmTC_92607.dir/build.make CMakeFiles/cmTC_92607.dir/build
make[1]: Wejście do katalogu '/home/kforysze/ANRO/LAB2/build/CMakeFiles/CMakeTmp'
Building C object CMakeFiles/cmTC_92607.dir/CheckFunctionExists.c.o
/usr/bin/cc    -DCHECK_FUNCTION_EXISTS=pthread_create   -o CMakeFiles/cmTC_92607.dir/CheckFunctionExists.c.o   -c /usr/share/cmake-3.5/Modules/CheckFunctionExists.c
Linking C executable cmTC_92607
/usr/bin/cmake -E cmake_link_script CMakeFiles/cmTC_92607.dir/link.txt --verbose=1
/usr/bin/cc   -DCHECK_FUNCTION_EXISTS=pthread_create    CMakeFiles/cmTC_92607.dir/CheckFunctionExists.c.o  -o cmTC_92607 -rdynamic -lpthreads 
/usr/bin/ld: cannot find -lpthreads
collect2: error: ld returned 1 exit status
CMakeFiles/cmTC_92607.dir/build.make:97: polecenia dla obiektu 'cmTC_92607' nie powiodły się
make[1]: *** [cmTC_92607] Błąd 1
make[1]: Opuszczenie katalogu '/home/kforysze/ANRO/LAB2/build/CMakeFiles/CMakeTmp'
Makefile:126: polecenia dla obiektu 'cmTC_92607/fast' nie powiodły się
make: *** [cmTC_92607/fast] Błąd 2


