Determining if the pthread_create exist failed with the following output:
Change Dir: /home/kforysze/ANRO/LAB1/build/CMakeFiles/CMakeTmp

Run Build Command:"/usr/bin/make" "cmTC_66533/fast"
make: Uwaga: Plik 'Makefile' ma czas modyfikacji 6,6 s w przyszłości
/usr/bin/make -f CMakeFiles/cmTC_66533.dir/build.make CMakeFiles/cmTC_66533.dir/build
make[1]: Wejście do katalogu '/home/kforysze/ANRO/LAB1/build/CMakeFiles/CMakeTmp'
make[1]: Uwaga: Plik 'CMakeFiles/cmTC_66533.dir/flags.make' ma czas modyfikacji 6,6 s w przyszłości
Building C object CMakeFiles/cmTC_66533.dir/CheckSymbolExists.c.o
/usr/bin/cc     -o CMakeFiles/cmTC_66533.dir/CheckSymbolExists.c.o   -c /home/kforysze/ANRO/LAB1/build/CMakeFiles/CMakeTmp/CheckSymbolExists.c
Linking C executable cmTC_66533
/usr/bin/cmake -E cmake_link_script CMakeFiles/cmTC_66533.dir/link.txt --verbose=1
/usr/bin/cc       CMakeFiles/cmTC_66533.dir/CheckSymbolExists.c.o  -o cmTC_66533 -rdynamic 
CMakeFiles/cmTC_66533.dir/CheckSymbolExists.c.o: In function `main':
CheckSymbolExists.c:(.text+0x16): undefined reference to `pthread_create'
collect2: error: ld returned 1 exit status
CMakeFiles/cmTC_66533.dir/build.make:97: polecenia dla obiektu 'cmTC_66533' nie powiodły się
make[1]: *** [cmTC_66533] Błąd 1
make[1]: Opuszczenie katalogu '/home/kforysze/ANRO/LAB1/build/CMakeFiles/CMakeTmp'
Makefile:126: polecenia dla obiektu 'cmTC_66533/fast' nie powiodły się
make: *** [cmTC_66533/fast] Błąd 2

File /home/kforysze/ANRO/LAB1/build/CMakeFiles/CMakeTmp/CheckSymbolExists.c:
/* */
#include <pthread.h>

int main(int argc, char** argv)
{
  (void)argv;
#ifndef pthread_create
  return ((int*)(&pthread_create))[argc];
#else
  (void)argc;
  return 0;
#endif
}

Determining if the function pthread_create exists in the pthreads failed with the following output:
Change Dir: /home/kforysze/ANRO/LAB1/build/CMakeFiles/CMakeTmp

Run Build Command:"/usr/bin/make" "cmTC_3570b/fast"
make: Uwaga: Plik 'Makefile' ma czas modyfikacji 6,6 s w przyszłości
/usr/bin/make -f CMakeFiles/cmTC_3570b.dir/build.make CMakeFiles/cmTC_3570b.dir/build
make[1]: Wejście do katalogu '/home/kforysze/ANRO/LAB1/build/CMakeFiles/CMakeTmp'
make[1]: Uwaga: Plik 'CMakeFiles/cmTC_3570b.dir/flags.make' ma czas modyfikacji 6,6 s w przyszłości
Building C object CMakeFiles/cmTC_3570b.dir/CheckFunctionExists.c.o
/usr/bin/cc    -DCHECK_FUNCTION_EXISTS=pthread_create   -o CMakeFiles/cmTC_3570b.dir/CheckFunctionExists.c.o   -c /usr/share/cmake-3.5/Modules/CheckFunctionExists.c
Linking C executable cmTC_3570b
/usr/bin/cmake -E cmake_link_script CMakeFiles/cmTC_3570b.dir/link.txt --verbose=1
/usr/bin/cc   -DCHECK_FUNCTION_EXISTS=pthread_create    CMakeFiles/cmTC_3570b.dir/CheckFunctionExists.c.o  -o cmTC_3570b -rdynamic -lpthreads 
/usr/bin/ld: cannot find -lpthreads
collect2: error: ld returned 1 exit status
CMakeFiles/cmTC_3570b.dir/build.make:97: polecenia dla obiektu 'cmTC_3570b' nie powiodły się
make[1]: *** [cmTC_3570b] Błąd 1
make[1]: Opuszczenie katalogu '/home/kforysze/ANRO/LAB1/build/CMakeFiles/CMakeTmp'
Makefile:126: polecenia dla obiektu 'cmTC_3570b/fast' nie powiodły się
make: *** [cmTC_3570b/fast] Błąd 2


